2025-11-06T20:12:46.417+05:30 [reactor-http-nio-7] INFO  c.m.booking.logging.LoggingWebFilter - REQ OPTIONS /api/bookings/availability from /0:0:0:0:0:0:0:1 
2025-11-06T20:12:46.417+05:30 [reactor-http-nio-7] WARN  c.m.booking.security.ApiKeyWebFilter - Unauthorized request: missing/invalid API key 
2025-11-06T20:12:46.417+05:30 [reactor-http-nio-7] INFO  c.m.booking.logging.LoggingWebFilter - RES OPTIONS /api/bookings/availability status=401 timeMs=0 
2025-11-06T20:13:27.761+05:30 [background-preinit] INFO  o.h.validator.internal.util.Version - HV000001: Hibernate Validator 8.0.1.Final 
2025-11-06T20:13:27.797+05:30 [main] INFO  c.m.booking.BookingApiApplication - Starting BookingApiApplication using Java 21.0.7 with PID 13444 (D:\Demo1\maersk-booking\backend\target\classes started by JANANI in D:\Demo1\maersk-booking) 
2025-11-06T20:13:27.797+05:30 [main] DEBUG c.m.booking.BookingApiApplication - Running with Spring Boot v3.3.4, Spring v6.1.13 
2025-11-06T20:13:27.798+05:30 [main] INFO  c.m.booking.BookingApiApplication - No active profile set, falling back to 1 default profile: "default" 
2025-11-06T20:13:28.585+05:30 [main] INFO  o.s.d.r.c.RepositoryConfigurationDelegate - Bootstrapping Spring Data Reactive MongoDB repositories in DEFAULT mode. 
2025-11-06T20:13:28.684+05:30 [main] INFO  o.s.d.r.c.RepositoryConfigurationDelegate - Finished Spring Data repository scanning in 94 ms. Found 1 Reactive MongoDB repository interface. 
2025-11-06T20:13:29.474+05:30 [main] INFO  c.m.booking.config.WebClientConfig - Configuring WebClient baseUrl=http://localhost:9090 path=/api/bookings/checkAvailable retries=0 backoffMillis=0 
2025-11-06T20:13:30.242+05:30 [main] INFO  o.s.b.w.e.netty.NettyWebServer - Netty started on port 8080 (http) 
2025-11-06T20:13:30.256+05:30 [main] INFO  c.m.booking.BookingApiApplication - Started BookingApiApplication in 3.001 seconds (process running for 3.371) 
2025-11-06T20:13:30.260+05:30 [main] INFO  c.m.booking.BookingApiApplication - Booking API started in 3116 ms 
2025-11-06T20:14:08.280+05:30 [reactor-http-nio-2] INFO  c.m.booking.logging.LoggingWebFilter - REQ POST /api/bookings/availability from /0:0:0:0:0:0:0:1 
2025-11-06T20:14:08.388+05:30 [reactor-http-nio-2] DEBUG c.m.b.validation.OneOfIntValidator - Initialized OneOfInt with values [20, 40] 
2025-11-06T20:14:08.394+05:30 [reactor-http-nio-2] DEBUG c.m.booking.web.BookingController - POST /api/bookings/availability 
2025-11-06T20:14:08.394+05:30 [reactor-http-nio-2] INFO  c.m.booking.service.BookingService - Calling external availability: path=/api/bookings/checkAvailable payload=[size=20,type=DRY,from=Southampton,to=Singapore,qty=5] 
2025-11-06T20:14:08.491+05:30 [reactor-http-nio-2] ERROR c.m.b.web.GlobalExceptionHandler - Unhandled error:  
reactor.core.Exceptions$RetryExhaustedException: Retries exhausted: 0/0
	at reactor.core.Exceptions.retryExhausted(Exceptions.java:308)
	Suppressed: reactor.core.publisher.FluxOnAssembly$OnAssemblyException: 
Error has been observed at the following site(s):
	*__checkpoint ⇢ Handler com.maersk.booking.web.BookingController#availability(AvailabilityRequest) [DispatcherHandler]
Original Stack Trace:
		at reactor.core.Exceptions.retryExhausted(Exceptions.java:308)
		at reactor.util.retry.RetryBackoffSpec.lambda$static$0(RetryBackoffSpec.java:68)
		at reactor.util.retry.RetryBackoffSpec.lambda$null$4(RetryBackoffSpec.java:560)
		at reactor.core.publisher.FluxConcatMapNoPrefetch$FluxConcatMapNoPrefetchSubscriber.onNext(FluxConcatMapNoPrefetch.java:183)
		at reactor.core.publisher.FluxContextWrite$ContextWriteSubscriber.onNext(FluxContextWrite.java:107)
		at reactor.core.publisher.SinkManyEmitterProcessor.drain(SinkManyEmitterProcessor.java:476)
		at reactor.core.publisher.SinkManyEmitterProcessor$EmitterInner.drainParent(SinkManyEmitterProcessor.java:620)
		at reactor.core.publisher.FluxPublish$PubSubInner.request(FluxPublish.java:874)
		at reactor.core.publisher.FluxContextWrite$ContextWriteSubscriber.request(FluxContextWrite.java:136)
		at reactor.core.publisher.FluxConcatMapNoPrefetch$FluxConcatMapNoPrefetchSubscriber.request(FluxConcatMapNoPrefetch.java:337)
		at reactor.core.publisher.FluxContextWrite$ContextWriteSubscriber.request(FluxContextWrite.java:136)
		at reactor.core.publisher.Operators$DeferredSubscription.request(Operators.java:1743)
		at reactor.core.publisher.FluxRetryWhen$RetryWhenMainSubscriber.onError(FluxRetryWhen.java:196)
		at reactor.core.publisher.MonoFlatMap$FlatMapMain.onError(MonoFlatMap.java:180)
		at reactor.core.publisher.FluxContextWrite$ContextWriteSubscriber.onError(FluxContextWrite.java:121)
		at reactor.core.publisher.FluxDoFinally$DoFinallySubscriber.onError(FluxDoFinally.java:119)
		at reactor.core.publisher.MonoPeekTerminal$MonoTerminalPeekSubscriber.onError(MonoPeekTerminal.java:258)
		at reactor.core.publisher.FluxPeekFuseable$PeekConditionalSubscriber.onError(FluxPeekFuseable.java:903)
		at reactor.core.publisher.Operators$MultiSubscriptionSubscriber.onError(Operators.java:2236)
		at reactor.core.publisher.FluxPeek$PeekSubscriber.onError(FluxPeek.java:222)
		at reactor.core.publisher.FluxMap$MapSubscriber.onError(FluxMap.java:134)
		at reactor.core.publisher.FluxOnErrorResume$ResumeSubscriber.onError(FluxOnErrorResume.java:106)
		at reactor.core.publisher.Operators.error(Operators.java:198)
		at reactor.core.publisher.MonoErrorSupplied.subscribe(MonoErrorSupplied.java:56)
		at reactor.core.publisher.Mono.subscribe(Mono.java:4576)
		at reactor.core.publisher.FluxOnErrorResume$ResumeSubscriber.onError(FluxOnErrorResume.java:103)
		at reactor.core.publisher.FluxPeek$PeekSubscriber.onError(FluxPeek.java:222)
		at reactor.core.publisher.FluxPeek$PeekSubscriber.onError(FluxPeek.java:222)
		at reactor.core.publisher.FluxPeek$PeekSubscriber.onError(FluxPeek.java:222)
		at reactor.core.publisher.MonoNext$NextSubscriber.onError(MonoNext.java:93)
		at reactor.core.publisher.MonoFlatMapMany$FlatMapManyMain.onError(MonoFlatMapMany.java:205)
		at reactor.core.publisher.SerializedSubscriber.onError(SerializedSubscriber.java:124)
		at reactor.core.publisher.FluxRetryWhen$RetryWhenMainSubscriber.whenError(FluxRetryWhen.java:229)
		at reactor.core.publisher.FluxRetryWhen$RetryWhenOtherSubscriber.onError(FluxRetryWhen.java:279)
		at reactor.core.publisher.FluxContextWrite$ContextWriteSubscriber.onError(FluxContextWrite.java:121)
		at reactor.core.publisher.FluxConcatMapNoPrefetch$FluxConcatMapNoPrefetchSubscriber.maybeOnError(FluxConcatMapNoPrefetch.java:327)
		at reactor.core.publisher.FluxConcatMapNoPrefetch$FluxConcatMapNoPrefetchSubscriber.onNext(FluxConcatMapNoPrefetch.java:212)
		at reactor.core.publisher.FluxContextWrite$ContextWriteSubscriber.onNext(FluxContextWrite.java:107)
		at reactor.core.publisher.SinkManyEmitterProcessor.drain(SinkManyEmitterProcessor.java:476)
		at reactor.core.publisher.SinkManyEmitterProcessor$EmitterInner.drainParent(SinkManyEmitterProcessor.java:620)
		at reactor.core.publisher.FluxPublish$PubSubInner.request(FluxPublish.java:874)
		at reactor.core.publisher.FluxContextWrite$ContextWriteSubscriber.request(FluxContextWrite.java:136)
		at reactor.core.publisher.FluxConcatMapNoPrefetch$FluxConcatMapNoPrefetchSubscriber.request(FluxConcatMapNoPrefetch.java:337)
		at reactor.core.publisher.FluxContextWrite$ContextWriteSubscriber.request(FluxContextWrite.java:136)
		at reactor.core.publisher.Operators$DeferredSubscription.request(Operators.java:1743)
		at reactor.core.publisher.FluxRetryWhen$RetryWhenMainSubscriber.onError(FluxRetryWhen.java:196)
		at reactor.core.publisher.MonoCreate$DefaultMonoSink.error(MonoCreate.java:205)
		at reactor.netty.http.client.HttpClientConnect$MonoHttpConnect$ClientTransportSubscriber.onError(HttpClientConnect.java:311)
		at reactor.core.publisher.MonoCreate$DefaultMonoSink.error(MonoCreate.java:205)
		at reactor.netty.resources.DefaultPooledConnectionProvider$DisposableAcquire.onError(DefaultPooledConnectionProvider.java:172)
		at reactor.core.publisher.FluxContextWrite$ContextWriteSubscriber.onError(FluxContextWrite.java:121)
		at reactor.netty.internal.shaded.reactor.pool.AbstractPool$Borrower.fail(AbstractPool.java:480)
		at reactor.netty.internal.shaded.reactor.pool.SimpleDequePool.lambda$drainLoop$9(SimpleDequePool.java:436)
		at reactor.core.publisher.FluxDoOnEach$DoOnEachSubscriber.onError(FluxDoOnEach.java:186)
		at reactor.core.publisher.MonoCreate$DefaultMonoSink.error(MonoCreate.java:205)
		at reactor.netty.resources.DefaultPooledConnectionProvider$PooledConnectionAllocator$PooledConnectionInitializer.onError(DefaultPooledConnectionProvider.java:583)
		at reactor.core.publisher.MonoFlatMap$FlatMapMain.secondError(MonoFlatMap.java:241)
		at reactor.core.publisher.MonoFlatMap$FlatMapInner.onError(MonoFlatMap.java:315)
		at reactor.core.publisher.FluxOnErrorResume$ResumeSubscriber.onError(FluxOnErrorResume.java:106)
		at reactor.core.publisher.Operators.error(Operators.java:198)
		at reactor.core.publisher.MonoError.subscribe(MonoError.java:53)
		at reactor.core.publisher.Mono.subscribe(Mono.java:4576)
		at reactor.core.publisher.FluxOnErrorResume$ResumeSubscriber.onError(FluxOnErrorResume.java:103)
		at reactor.netty.transport.TransportConnector$MonoChannelPromise.tryFailure(TransportConnector.java:576)
		at reactor.netty.transport.TransportConnector$MonoChannelPromise.setFailure(TransportConnector.java:522)
		at reactor.netty.transport.TransportConnector.lambda$doConnect$7(TransportConnector.java:261)
		at io.netty.util.concurrent.DefaultPromise.notifyListener0(DefaultPromise.java:590)
		at io.netty.util.concurrent.DefaultPromise.notifyListeners0(DefaultPromise.java:583)
		at io.netty.util.concurrent.DefaultPromise.notifyListenersNow(DefaultPromise.java:559)
		at io.netty.util.concurrent.DefaultPromise.notifyListeners(DefaultPromise.java:492)
		at io.netty.util.concurrent.DefaultPromise.setValue0(DefaultPromise.java:636)
		at io.netty.util.concurrent.DefaultPromise.setFailure0(DefaultPromise.java:629)
		at io.netty.util.concurrent.DefaultPromise.tryFailure(DefaultPromise.java:118)
		at io.netty.channel.nio.AbstractNioChannel$AbstractNioUnsafe.fulfillConnectPromise(AbstractNioChannel.java:326)
		at io.netty.channel.nio.AbstractNioChannel$AbstractNioUnsafe.finishConnect(AbstractNioChannel.java:342)
		at io.netty.channel.nio.NioEventLoop.processSelectedKey(NioEventLoop.java:776)
		at io.netty.channel.nio.NioEventLoop.processSelectedKeysOptimized(NioEventLoop.java:724)
		at io.netty.channel.nio.NioEventLoop.processSelectedKeys(NioEventLoop.java:650)
		at io.netty.channel.nio.NioEventLoop.run(NioEventLoop.java:562)
		at io.netty.util.concurrent.SingleThreadEventExecutor$4.run(SingleThreadEventExecutor.java:997)
		at io.netty.util.internal.ThreadExecutorMap$2.run(ThreadExecutorMap.java:74)
		at io.netty.util.concurrent.FastThreadLocalRunnable.run(FastThreadLocalRunnable.java:30)
		at java.base/java.lang.Thread.run(Thread.java:1583)
Caused by: org.springframework.web.reactive.function.client.WebClientRequestException: Connection refused: getsockopt: localhost/127.0.0.1:9090
	at org.springframework.web.reactive.function.client.ExchangeFunctions$DefaultExchangeFunction.lambda$wrapException$9(ExchangeFunctions.java:136)
	Suppressed: reactor.core.publisher.FluxOnAssembly$OnAssemblyException: 
Error has been observed at the following site(s):
	*__checkpoint ⇢ Request to POST http://localhost:9090/api/bookings/checkAvailable [DefaultWebClient]
Original Stack Trace:
		at org.springframework.web.reactive.function.client.ExchangeFunctions$DefaultExchangeFunction.lambda$wrapException$9(ExchangeFunctions.java:136)
		at reactor.core.publisher.MonoErrorSupplied.subscribe(MonoErrorSupplied.java:55)
		at reactor.core.publisher.Mono.subscribe(Mono.java:4576)
		at reactor.core.publisher.FluxOnErrorResume$ResumeSubscriber.onError(FluxOnErrorResume.java:103)
		at reactor.core.publisher.FluxPeek$PeekSubscriber.onError(FluxPeek.java:222)
		at reactor.core.publisher.FluxPeek$PeekSubscriber.onError(FluxPeek.java:222)
		at reactor.core.publisher.FluxPeek$PeekSubscriber.onError(FluxPeek.java:222)
		at reactor.core.publisher.MonoNext$NextSubscriber.onError(MonoNext.java:93)
		at reactor.core.publisher.MonoFlatMapMany$FlatMapManyMain.onError(MonoFlatMapMany.java:205)
		at reactor.core.publisher.SerializedSubscriber.onError(SerializedSubscriber.java:124)
		at reactor.core.publisher.FluxRetryWhen$RetryWhenMainSubscriber.whenError(FluxRetryWhen.java:229)
		at reactor.core.publisher.FluxRetryWhen$RetryWhenOtherSubscriber.onError(FluxRetryWhen.java:279)
		at reactor.core.publisher.FluxContextWrite$ContextWriteSubscriber.onError(FluxContextWrite.java:121)
		at reactor.core.publisher.FluxConcatMapNoPrefetch$FluxConcatMapNoPrefetchSubscriber.maybeOnError(FluxConcatMapNoPrefetch.java:327)
		at reactor.core.publisher.FluxConcatMapNoPrefetch$FluxConcatMapNoPrefetchSubscriber.onNext(FluxConcatMapNoPrefetch.java:212)
		at reactor.core.publisher.FluxContextWrite$ContextWriteSubscriber.onNext(FluxContextWrite.java:107)
		at reactor.core.publisher.SinkManyEmitterProcessor.drain(SinkManyEmitterProcessor.java:476)
		at reactor.core.publisher.SinkManyEmitterProcessor$EmitterInner.drainParent(SinkManyEmitterProcessor.java:620)
		at reactor.core.publisher.FluxPublish$PubSubInner.request(FluxPublish.java:874)
		at reactor.core.publisher.FluxContextWrite$ContextWriteSubscriber.request(FluxContextWrite.java:136)
		at reactor.core.publisher.FluxConcatMapNoPrefetch$FluxConcatMapNoPrefetchSubscriber.request(FluxConcatMapNoPrefetch.java:337)
		at reactor.core.publisher.FluxContextWrite$ContextWriteSubscriber.request(FluxContextWrite.java:136)
		at reactor.core.publisher.Operators$DeferredSubscription.request(Operators.java:1743)
		at reactor.core.publisher.FluxRetryWhen$RetryWhenMainSubscriber.onError(FluxRetryWhen.java:196)
		at reactor.core.publisher.MonoCreate$DefaultMonoSink.error(MonoCreate.java:205)
		at reactor.netty.http.client.HttpClientConnect$MonoHttpConnect$ClientTransportSubscriber.onError(HttpClientConnect.java:311)
		at reactor.core.publisher.MonoCreate$DefaultMonoSink.error(MonoCreate.java:205)
		at reactor.netty.resources.DefaultPooledConnectionProvider$DisposableAcquire.onError(DefaultPooledConnectionProvider.java:172)
		at reactor.core.publisher.FluxContextWrite$ContextWriteSubscriber.onError(FluxContextWrite.java:121)
		at reactor.netty.internal.shaded.reactor.pool.AbstractPool$Borrower.fail(AbstractPool.java:480)
		at reactor.netty.internal.shaded.reactor.pool.SimpleDequePool.lambda$drainLoop$9(SimpleDequePool.java:436)
		at reactor.core.publisher.FluxDoOnEach$DoOnEachSubscriber.onError(FluxDoOnEach.java:186)
		at reactor.core.publisher.MonoCreate$DefaultMonoSink.error(MonoCreate.java:205)
		at reactor.netty.resources.DefaultPooledConnectionProvider$PooledConnectionAllocator$PooledConnectionInitializer.onError(DefaultPooledConnectionProvider.java:583)
		at reactor.core.publisher.MonoFlatMap$FlatMapMain.secondError(MonoFlatMap.java:241)
		at reactor.core.publisher.MonoFlatMap$FlatMapInner.onError(MonoFlatMap.java:315)
		at reactor.core.publisher.FluxOnErrorResume$ResumeSubscriber.onError(FluxOnErrorResume.java:106)
		at reactor.core.publisher.Operators.error(Operators.java:198)
		at reactor.core.publisher.MonoError.subscribe(MonoError.java:53)
		at reactor.core.publisher.Mono.subscribe(Mono.java:4576)
		at reactor.core.publisher.FluxOnErrorResume$ResumeSubscriber.onError(FluxOnErrorResume.java:103)
		at reactor.netty.transport.TransportConnector$MonoChannelPromise.tryFailure(TransportConnector.java:576)
		at reactor.netty.transport.TransportConnector$MonoChannelPromise.setFailure(TransportConnector.java:522)
		at reactor.netty.transport.TransportConnector.lambda$doConnect$7(TransportConnector.java:261)
		at io.netty.util.concurrent.DefaultPromise.notifyListener0(DefaultPromise.java:590)
		at io.netty.util.concurrent.DefaultPromise.notifyListeners0(DefaultPromise.java:583)
		at io.netty.util.concurrent.DefaultPromise.notifyListenersNow(DefaultPromise.java:559)
		at io.netty.util.concurrent.DefaultPromise.notifyListeners(DefaultPromise.java:492)
		at io.netty.util.concurrent.DefaultPromise.setValue0(DefaultPromise.java:636)
		at io.netty.util.concurrent.DefaultPromise.setFailure0(DefaultPromise.java:629)
		at io.netty.util.concurrent.DefaultPromise.tryFailure(DefaultPromise.java:118)
		at io.netty.channel.nio.AbstractNioChannel$AbstractNioUnsafe.fulfillConnectPromise(AbstractNioChannel.java:326)
		at io.netty.channel.nio.AbstractNioChannel$AbstractNioUnsafe.finishConnect(AbstractNioChannel.java:342)
		at io.netty.channel.nio.NioEventLoop.processSelectedKey(NioEventLoop.java:776)
		at io.netty.channel.nio.NioEventLoop.processSelectedKeysOptimized(NioEventLoop.java:724)
		at io.netty.channel.nio.NioEventLoop.processSelectedKeys(NioEventLoop.java:650)
		at io.netty.channel.nio.NioEventLoop.run(NioEventLoop.java:562)
		at io.netty.util.concurrent.SingleThreadEventExecutor$4.run(SingleThreadEventExecutor.java:997)
		at io.netty.util.internal.ThreadExecutorMap$2.run(ThreadExecutorMap.java:74)
		at io.netty.util.concurrent.FastThreadLocalRunnable.run(FastThreadLocalRunnable.java:30)
		at java.base/java.lang.Thread.run(Thread.java:1583)
Caused by: io.netty.channel.AbstractChannel$AnnotatedConnectException: Connection refused: getsockopt: localhost/127.0.0.1:9090
Caused by: java.net.ConnectException: Connection refused: getsockopt
	at java.base/sun.nio.ch.Net.pollConnect(Native Method)
	at java.base/sun.nio.ch.Net.pollConnectNow(Net.java:682)
	at java.base/sun.nio.ch.SocketChannelImpl.finishConnect(SocketChannelImpl.java:973)
	at io.netty.channel.socket.nio.NioSocketChannel.doFinishConnect(NioSocketChannel.java:336)
	at io.netty.channel.nio.AbstractNioChannel$AbstractNioUnsafe.finishConnect(AbstractNioChannel.java:339)
	at io.netty.channel.nio.NioEventLoop.processSelectedKey(NioEventLoop.java:776)
	at io.netty.channel.nio.NioEventLoop.processSelectedKeysOptimized(NioEventLoop.java:724)
	at io.netty.channel.nio.NioEventLoop.processSelectedKeys(NioEventLoop.java:650)
	at io.netty.channel.nio.NioEventLoop.run(NioEventLoop.java:562)
	at io.netty.util.concurrent.SingleThreadEventExecutor$4.run(SingleThreadEventExecutor.java:997)
	at io.netty.util.internal.ThreadExecutorMap$2.run(ThreadExecutorMap.java:74)
	at io.netty.util.concurrent.FastThreadLocalRunnable.run(FastThreadLocalRunnable.java:30)
	at java.base/java.lang.Thread.run(Thread.java:1583)
2025-11-06T20:14:08.519+05:30 [reactor-http-nio-2] INFO  c.m.booking.logging.LoggingWebFilter - RES POST /api/bookings/availability status=500 timeMs=239 
2025-11-06T20:14:16.232+05:30 [reactor-http-nio-3] INFO  c.m.booking.logging.LoggingWebFilter - REQ POST /api/bookings/availability from /0:0:0:0:0:0:0:1 
2025-11-06T20:14:16.233+05:30 [reactor-http-nio-3] DEBUG c.m.booking.web.BookingController - POST /api/bookings/availability 
2025-11-06T20:14:16.234+05:30 [reactor-http-nio-3] INFO  c.m.booking.service.BookingService - Calling external availability: path=/api/bookings/checkAvailable payload=[size=20,type=DRY,from=Southampton,to=Singapore,qty=5] 
2025-11-06T20:14:16.237+05:30 [reactor-http-nio-3] ERROR c.m.b.web.GlobalExceptionHandler - Unhandled error:  
reactor.core.Exceptions$RetryExhaustedException: Retries exhausted: 0/0
	at reactor.core.Exceptions.retryExhausted(Exceptions.java:308)
	Suppressed: reactor.core.publisher.FluxOnAssembly$OnAssemblyException: 
Error has been observed at the following site(s):
	*__checkpoint ⇢ Handler com.maersk.booking.web.BookingController#availability(AvailabilityRequest) [DispatcherHandler]
Original Stack Trace:
		at reactor.core.Exceptions.retryExhausted(Exceptions.java:308)
		at reactor.util.retry.RetryBackoffSpec.lambda$static$0(RetryBackoffSpec.java:68)
		at reactor.util.retry.RetryBackoffSpec.lambda$null$4(RetryBackoffSpec.java:560)
		at reactor.core.publisher.FluxConcatMapNoPrefetch$FluxConcatMapNoPrefetchSubscriber.onNext(FluxConcatMapNoPrefetch.java:183)
		at reactor.core.publisher.FluxContextWrite$ContextWriteSubscriber.onNext(FluxContextWrite.java:107)
		at reactor.core.publisher.SinkManyEmitterProcessor.drain(SinkManyEmitterProcessor.java:476)
		at reactor.core.publisher.SinkManyEmitterProcessor$EmitterInner.drainParent(SinkManyEmitterProcessor.java:620)
		at reactor.core.publisher.FluxPublish$PubSubInner.request(FluxPublish.java:874)
		at reactor.core.publisher.FluxContextWrite$ContextWriteSubscriber.request(FluxContextWrite.java:136)
		at reactor.core.publisher.FluxConcatMapNoPrefetch$FluxConcatMapNoPrefetchSubscriber.request(FluxConcatMapNoPrefetch.java:337)
		at reactor.core.publisher.FluxContextWrite$ContextWriteSubscriber.request(FluxContextWrite.java:136)
		at reactor.core.publisher.Operators$DeferredSubscription.request(Operators.java:1743)
		at reactor.core.publisher.FluxRetryWhen$RetryWhenMainSubscriber.onError(FluxRetryWhen.java:196)
		at reactor.core.publisher.MonoFlatMap$FlatMapMain.onError(MonoFlatMap.java:180)
		at reactor.core.publisher.FluxContextWrite$ContextWriteSubscriber.onError(FluxContextWrite.java:121)
		at reactor.core.publisher.FluxDoFinally$DoFinallySubscriber.onError(FluxDoFinally.java:119)
		at reactor.core.publisher.MonoPeekTerminal$MonoTerminalPeekSubscriber.onError(MonoPeekTerminal.java:258)
		at reactor.core.publisher.FluxPeekFuseable$PeekConditionalSubscriber.onError(FluxPeekFuseable.java:903)
		at reactor.core.publisher.Operators$MultiSubscriptionSubscriber.onError(Operators.java:2236)
		at reactor.core.publisher.FluxPeek$PeekSubscriber.onError(FluxPeek.java:222)
		at reactor.core.publisher.FluxMap$MapSubscriber.onError(FluxMap.java:134)
		at reactor.core.publisher.FluxOnErrorResume$ResumeSubscriber.onError(FluxOnErrorResume.java:106)
		at reactor.core.publisher.Operators.error(Operators.java:198)
		at reactor.core.publisher.MonoErrorSupplied.subscribe(MonoErrorSupplied.java:56)
		at reactor.core.publisher.Mono.subscribe(Mono.java:4576)
		at reactor.core.publisher.FluxOnErrorResume$ResumeSubscriber.onError(FluxOnErrorResume.java:103)
		at reactor.core.publisher.FluxPeek$PeekSubscriber.onError(FluxPeek.java:222)
		at reactor.core.publisher.FluxPeek$PeekSubscriber.onError(FluxPeek.java:222)
		at reactor.core.publisher.FluxPeek$PeekSubscriber.onError(FluxPeek.java:222)
		at reactor.core.publisher.MonoNext$NextSubscriber.onError(MonoNext.java:93)
		at reactor.core.publisher.MonoFlatMapMany$FlatMapManyMain.onError(MonoFlatMapMany.java:205)
		at reactor.core.publisher.SerializedSubscriber.onError(SerializedSubscriber.java:124)
		at reactor.core.publisher.FluxRetryWhen$RetryWhenMainSubscriber.whenError(FluxRetryWhen.java:229)
		at reactor.core.publisher.FluxRetryWhen$RetryWhenOtherSubscriber.onError(FluxRetryWhen.java:279)
		at reactor.core.publisher.FluxContextWrite$ContextWriteSubscriber.onError(FluxContextWrite.java:121)
		at reactor.core.publisher.FluxConcatMapNoPrefetch$FluxConcatMapNoPrefetchSubscriber.maybeOnError(FluxConcatMapNoPrefetch.java:327)
		at reactor.core.publisher.FluxConcatMapNoPrefetch$FluxConcatMapNoPrefetchSubscriber.onNext(FluxConcatMapNoPrefetch.java:212)
		at reactor.core.publisher.FluxContextWrite$ContextWriteSubscriber.onNext(FluxContextWrite.java:107)
		at reactor.core.publisher.SinkManyEmitterProcessor.drain(SinkManyEmitterProcessor.java:476)
		at reactor.core.publisher.SinkManyEmitterProcessor$EmitterInner.drainParent(SinkManyEmitterProcessor.java:620)
		at reactor.core.publisher.FluxPublish$PubSubInner.request(FluxPublish.java:874)
		at reactor.core.publisher.FluxContextWrite$ContextWriteSubscriber.request(FluxContextWrite.java:136)
		at reactor.core.publisher.FluxConcatMapNoPrefetch$FluxConcatMapNoPrefetchSubscriber.request(FluxConcatMapNoPrefetch.java:337)
		at reactor.core.publisher.FluxContextWrite$ContextWriteSubscriber.request(FluxContextWrite.java:136)
		at reactor.core.publisher.Operators$DeferredSubscription.request(Operators.java:1743)
		at reactor.core.publisher.FluxRetryWhen$RetryWhenMainSubscriber.onError(FluxRetryWhen.java:196)
		at reactor.core.publisher.MonoCreate$DefaultMonoSink.error(MonoCreate.java:205)
		at reactor.netty.http.client.HttpClientConnect$MonoHttpConnect$ClientTransportSubscriber.onError(HttpClientConnect.java:311)
		at reactor.core.publisher.MonoCreate$DefaultMonoSink.error(MonoCreate.java:205)
		at reactor.netty.resources.DefaultPooledConnectionProvider$DisposableAcquire.onError(DefaultPooledConnectionProvider.java:172)
		at reactor.core.publisher.FluxContextWrite$ContextWriteSubscriber.onError(FluxContextWrite.java:121)
		at reactor.netty.internal.shaded.reactor.pool.AbstractPool$Borrower.fail(AbstractPool.java:480)
		at reactor.netty.internal.shaded.reactor.pool.SimpleDequePool.lambda$drainLoop$9(SimpleDequePool.java:436)
		at reactor.core.publisher.FluxDoOnEach$DoOnEachSubscriber.onError(FluxDoOnEach.java:186)
		at reactor.core.publisher.MonoCreate$DefaultMonoSink.error(MonoCreate.java:205)
		at reactor.netty.resources.DefaultPooledConnectionProvider$PooledConnectionAllocator$PooledConnectionInitializer.onError(DefaultPooledConnectionProvider.java:583)
		at reactor.core.publisher.MonoFlatMap$FlatMapMain.secondError(MonoFlatMap.java:241)
		at reactor.core.publisher.MonoFlatMap$FlatMapInner.onError(MonoFlatMap.java:315)
		at reactor.core.publisher.FluxOnErrorResume$ResumeSubscriber.onError(FluxOnErrorResume.java:106)
		at reactor.core.publisher.Operators.error(Operators.java:198)
		at reactor.core.publisher.MonoError.subscribe(MonoError.java:53)
		at reactor.core.publisher.Mono.subscribe(Mono.java:4576)
		at reactor.core.publisher.FluxOnErrorResume$ResumeSubscriber.onError(FluxOnErrorResume.java:103)
		at reactor.netty.transport.TransportConnector$MonoChannelPromise.tryFailure(TransportConnector.java:576)
		at reactor.netty.transport.TransportConnector$MonoChannelPromise.setFailure(TransportConnector.java:522)
		at reactor.netty.transport.TransportConnector.lambda$doConnect$7(TransportConnector.java:261)
		at io.netty.util.concurrent.DefaultPromise.notifyListener0(DefaultPromise.java:590)
		at io.netty.util.concurrent.DefaultPromise.notifyListeners0(DefaultPromise.java:583)
		at io.netty.util.concurrent.DefaultPromise.notifyListenersNow(DefaultPromise.java:559)
		at io.netty.util.concurrent.DefaultPromise.notifyListeners(DefaultPromise.java:492)
		at io.netty.util.concurrent.DefaultPromise.setValue0(DefaultPromise.java:636)
		at io.netty.util.concurrent.DefaultPromise.setFailure0(DefaultPromise.java:629)
		at io.netty.util.concurrent.DefaultPromise.tryFailure(DefaultPromise.java:118)
		at io.netty.channel.nio.AbstractNioChannel$AbstractNioUnsafe.fulfillConnectPromise(AbstractNioChannel.java:326)
		at io.netty.channel.nio.AbstractNioChannel$AbstractNioUnsafe.finishConnect(AbstractNioChannel.java:342)
		at io.netty.channel.nio.NioEventLoop.processSelectedKey(NioEventLoop.java:776)
		at io.netty.channel.nio.NioEventLoop.processSelectedKeysOptimized(NioEventLoop.java:724)
		at io.netty.channel.nio.NioEventLoop.processSelectedKeys(NioEventLoop.java:650)
		at io.netty.channel.nio.NioEventLoop.run(NioEventLoop.java:562)
		at io.netty.util.concurrent.SingleThreadEventExecutor$4.run(SingleThreadEventExecutor.java:997)
		at io.netty.util.internal.ThreadExecutorMap$2.run(ThreadExecutorMap.java:74)
		at io.netty.util.concurrent.FastThreadLocalRunnable.run(FastThreadLocalRunnable.java:30)
		at java.base/java.lang.Thread.run(Thread.java:1583)
Caused by: org.springframework.web.reactive.function.client.WebClientRequestException: Connection refused: getsockopt: localhost/127.0.0.1:9090
	at org.springframework.web.reactive.function.client.ExchangeFunctions$DefaultExchangeFunction.lambda$wrapException$9(ExchangeFunctions.java:136)
	Suppressed: reactor.core.publisher.FluxOnAssembly$OnAssemblyException: 
Error has been observed at the following site(s):
	*__checkpoint ⇢ Request to POST http://localhost:9090/api/bookings/checkAvailable [DefaultWebClient]
Original Stack Trace:
		at org.springframework.web.reactive.function.client.ExchangeFunctions$DefaultExchangeFunction.lambda$wrapException$9(ExchangeFunctions.java:136)
		at reactor.core.publisher.MonoErrorSupplied.subscribe(MonoErrorSupplied.java:55)
		at reactor.core.publisher.Mono.subscribe(Mono.java:4576)
		at reactor.core.publisher.FluxOnErrorResume$ResumeSubscriber.onError(FluxOnErrorResume.java:103)
		at reactor.core.publisher.FluxPeek$PeekSubscriber.onError(FluxPeek.java:222)
		at reactor.core.publisher.FluxPeek$PeekSubscriber.onError(FluxPeek.java:222)
		at reactor.core.publisher.FluxPeek$PeekSubscriber.onError(FluxPeek.java:222)
		at reactor.core.publisher.MonoNext$NextSubscriber.onError(MonoNext.java:93)
		at reactor.core.publisher.MonoFlatMapMany$FlatMapManyMain.onError(MonoFlatMapMany.java:205)
		at reactor.core.publisher.SerializedSubscriber.onError(SerializedSubscriber.java:124)
		at reactor.core.publisher.FluxRetryWhen$RetryWhenMainSubscriber.whenError(FluxRetryWhen.java:229)
		at reactor.core.publisher.FluxRetryWhen$RetryWhenOtherSubscriber.onError(FluxRetryWhen.java:279)
		at reactor.core.publisher.FluxContextWrite$ContextWriteSubscriber.onError(FluxContextWrite.java:121)
		at reactor.core.publisher.FluxConcatMapNoPrefetch$FluxConcatMapNoPrefetchSubscriber.maybeOnError(FluxConcatMapNoPrefetch.java:327)
		at reactor.core.publisher.FluxConcatMapNoPrefetch$FluxConcatMapNoPrefetchSubscriber.onNext(FluxConcatMapNoPrefetch.java:212)
		at reactor.core.publisher.FluxContextWrite$ContextWriteSubscriber.onNext(FluxContextWrite.java:107)
		at reactor.core.publisher.SinkManyEmitterProcessor.drain(SinkManyEmitterProcessor.java:476)
		at reactor.core.publisher.SinkManyEmitterProcessor$EmitterInner.drainParent(SinkManyEmitterProcessor.java:620)
		at reactor.core.publisher.FluxPublish$PubSubInner.request(FluxPublish.java:874)
		at reactor.core.publisher.FluxContextWrite$ContextWriteSubscriber.request(FluxContextWrite.java:136)
		at reactor.core.publisher.FluxConcatMapNoPrefetch$FluxConcatMapNoPrefetchSubscriber.request(FluxConcatMapNoPrefetch.java:337)
		at reactor.core.publisher.FluxContextWrite$ContextWriteSubscriber.request(FluxContextWrite.java:136)
		at reactor.core.publisher.Operators$DeferredSubscription.request(Operators.java:1743)
		at reactor.core.publisher.FluxRetryWhen$RetryWhenMainSubscriber.onError(FluxRetryWhen.java:196)
		at reactor.core.publisher.MonoCreate$DefaultMonoSink.error(MonoCreate.java:205)
		at reactor.netty.http.client.HttpClientConnect$MonoHttpConnect$ClientTransportSubscriber.onError(HttpClientConnect.java:311)
		at reactor.core.publisher.MonoCreate$DefaultMonoSink.error(MonoCreate.java:205)
		at reactor.netty.resources.DefaultPooledConnectionProvider$DisposableAcquire.onError(DefaultPooledConnectionProvider.java:172)
		at reactor.core.publisher.FluxContextWrite$ContextWriteSubscriber.onError(FluxContextWrite.java:121)
		at reactor.netty.internal.shaded.reactor.pool.AbstractPool$Borrower.fail(AbstractPool.java:480)
		at reactor.netty.internal.shaded.reactor.pool.SimpleDequePool.lambda$drainLoop$9(SimpleDequePool.java:436)
		at reactor.core.publisher.FluxDoOnEach$DoOnEachSubscriber.onError(FluxDoOnEach.java:186)
		at reactor.core.publisher.MonoCreate$DefaultMonoSink.error(MonoCreate.java:205)
		at reactor.netty.resources.DefaultPooledConnectionProvider$PooledConnectionAllocator$PooledConnectionInitializer.onError(DefaultPooledConnectionProvider.java:583)
		at reactor.core.publisher.MonoFlatMap$FlatMapMain.secondError(MonoFlatMap.java:241)
		at reactor.core.publisher.MonoFlatMap$FlatMapInner.onError(MonoFlatMap.java:315)
		at reactor.core.publisher.FluxOnErrorResume$ResumeSubscriber.onError(FluxOnErrorResume.java:106)
		at reactor.core.publisher.Operators.error(Operators.java:198)
		at reactor.core.publisher.MonoError.subscribe(MonoError.java:53)
		at reactor.core.publisher.Mono.subscribe(Mono.java:4576)
		at reactor.core.publisher.FluxOnErrorResume$ResumeSubscriber.onError(FluxOnErrorResume.java:103)
		at reactor.netty.transport.TransportConnector$MonoChannelPromise.tryFailure(TransportConnector.java:576)
		at reactor.netty.transport.TransportConnector$MonoChannelPromise.setFailure(TransportConnector.java:522)
		at reactor.netty.transport.TransportConnector.lambda$doConnect$7(TransportConnector.java:261)
		at io.netty.util.concurrent.DefaultPromise.notifyListener0(DefaultPromise.java:590)
		at io.netty.util.concurrent.DefaultPromise.notifyListeners0(DefaultPromise.java:583)
		at io.netty.util.concurrent.DefaultPromise.notifyListenersNow(DefaultPromise.java:559)
		at io.netty.util.concurrent.DefaultPromise.notifyListeners(DefaultPromise.java:492)
		at io.netty.util.concurrent.DefaultPromise.setValue0(DefaultPromise.java:636)
		at io.netty.util.concurrent.DefaultPromise.setFailure0(DefaultPromise.java:629)
		at io.netty.util.concurrent.DefaultPromise.tryFailure(DefaultPromise.java:118)
		at io.netty.channel.nio.AbstractNioChannel$AbstractNioUnsafe.fulfillConnectPromise(AbstractNioChannel.java:326)
		at io.netty.channel.nio.AbstractNioChannel$AbstractNioUnsafe.finishConnect(AbstractNioChannel.java:342)
		at io.netty.channel.nio.NioEventLoop.processSelectedKey(NioEventLoop.java:776)
		at io.netty.channel.nio.NioEventLoop.processSelectedKeysOptimized(NioEventLoop.java:724)
		at io.netty.channel.nio.NioEventLoop.processSelectedKeys(NioEventLoop.java:650)
		at io.netty.channel.nio.NioEventLoop.run(NioEventLoop.java:562)
		at io.netty.util.concurrent.SingleThreadEventExecutor$4.run(SingleThreadEventExecutor.java:997)
		at io.netty.util.internal.ThreadExecutorMap$2.run(ThreadExecutorMap.java:74)
		at io.netty.util.concurrent.FastThreadLocalRunnable.run(FastThreadLocalRunnable.java:30)
		at java.base/java.lang.Thread.run(Thread.java:1583)
Caused by: io.netty.channel.AbstractChannel$AnnotatedConnectException: Connection refused: getsockopt: localhost/127.0.0.1:9090
Caused by: java.net.ConnectException: Connection refused: getsockopt
	at java.base/sun.nio.ch.Net.pollConnect(Native Method)
	at java.base/sun.nio.ch.Net.pollConnectNow(Net.java:682)
	at java.base/sun.nio.ch.SocketChannelImpl.finishConnect(SocketChannelImpl.java:973)
	at io.netty.channel.socket.nio.NioSocketChannel.doFinishConnect(NioSocketChannel.java:336)
	at io.netty.channel.nio.AbstractNioChannel$AbstractNioUnsafe.finishConnect(AbstractNioChannel.java:339)
	at io.netty.channel.nio.NioEventLoop.processSelectedKey(NioEventLoop.java:776)
	at io.netty.channel.nio.NioEventLoop.processSelectedKeysOptimized(NioEventLoop.java:724)
	at io.netty.channel.nio.NioEventLoop.processSelectedKeys(NioEventLoop.java:650)
	at io.netty.channel.nio.NioEventLoop.run(NioEventLoop.java:562)
	at io.netty.util.concurrent.SingleThreadEventExecutor$4.run(SingleThreadEventExecutor.java:997)
	at io.netty.util.internal.ThreadExecutorMap$2.run(ThreadExecutorMap.java:74)
	at io.netty.util.concurrent.FastThreadLocalRunnable.run(FastThreadLocalRunnable.java:30)
	at java.base/java.lang.Thread.run(Thread.java:1583)
2025-11-06T20:14:16.241+05:30 [reactor-http-nio-3] INFO  c.m.booking.logging.LoggingWebFilter - RES POST /api/bookings/availability status=500 timeMs=9 
2025-11-06T20:14:42.017+05:30 [reactor-http-nio-4] INFO  c.m.booking.logging.LoggingWebFilter - REQ POST /api/bookings/availability from /0:0:0:0:0:0:0:1 
2025-11-06T20:14:42.020+05:30 [reactor-http-nio-4] DEBUG c.m.booking.web.BookingController - POST /api/bookings/availability 
2025-11-06T20:14:42.020+05:30 [reactor-http-nio-4] INFO  c.m.booking.service.BookingService - Calling external availability: path=/api/bookings/checkAvailable payload=[size=20,type=DRY,from=Southampton,to=Singapore,qty=5] 
2025-11-06T20:14:42.137+05:30 [reactor-http-nio-4] INFO  c.m.booking.service.BookingService - External response availableSpace=6 -> available=true 
2025-11-06T20:14:42.142+05:30 [reactor-http-nio-4] INFO  c.m.booking.logging.LoggingWebFilter - RES POST /api/bookings/availability status=200 timeMs=125 
2025-11-06T20:14:43.859+05:30 [reactor-http-nio-5] INFO  c.m.booking.logging.LoggingWebFilter - REQ POST /api/bookings/availability from /0:0:0:0:0:0:0:1 
2025-11-06T20:14:43.860+05:30 [reactor-http-nio-5] DEBUG c.m.booking.web.BookingController - POST /api/bookings/availability 
2025-11-06T20:14:43.862+05:30 [reactor-http-nio-5] INFO  c.m.booking.service.BookingService - Calling external availability: path=/api/bookings/checkAvailable payload=[size=20,type=DRY,from=Southampton,to=Singapore,qty=5] 
2025-11-06T20:14:43.868+05:30 [reactor-http-nio-4] INFO  c.m.booking.service.BookingService - External response availableSpace=6 -> available=true 
2025-11-06T20:14:43.869+05:30 [reactor-http-nio-4] INFO  c.m.booking.logging.LoggingWebFilter - RES POST /api/bookings/availability status=200 timeMs=10 
2025-11-06T20:15:04.082+05:30 [reactor-http-nio-6] INFO  c.m.booking.logging.LoggingWebFilter - REQ POST /api/bookings/availability from /0:0:0:0:0:0:0:1 
2025-11-06T20:15:04.083+05:30 [reactor-http-nio-6] DEBUG c.m.booking.web.BookingController - POST /api/bookings/availability 
2025-11-06T20:15:04.085+05:30 [reactor-http-nio-6] INFO  c.m.booking.service.BookingService - Calling external availability: path=/api/bookings/checkAvailable payload=[size=20,type=DRY,from=Southampton,to=Singapore,qty=5] 
2025-11-06T20:15:04.090+05:30 [reactor-http-nio-4] INFO  c.m.booking.service.BookingService - External response availableSpace=6 -> available=true 
2025-11-06T20:15:04.091+05:30 [reactor-http-nio-4] INFO  c.m.booking.logging.LoggingWebFilter - RES POST /api/bookings/availability status=200 timeMs=9 
2025-11-06T20:15:20.177+05:30 [reactor-http-nio-7] INFO  c.m.booking.logging.LoggingWebFilter - REQ POST /api/bookings/availability from /0:0:0:0:0:0:0:1 
2025-11-06T20:15:20.180+05:30 [reactor-http-nio-7] DEBUG c.m.booking.web.BookingController - POST /api/bookings/availability 
2025-11-06T20:15:20.180+05:30 [reactor-http-nio-7] INFO  c.m.booking.service.BookingService - Calling external availability: path=/api/bookings/checkAvailable payload=[size=20,type=DRY,from=Southampton,to=Singapore,qty=5] 
2025-11-06T20:15:20.185+05:30 [reactor-http-nio-4] INFO  c.m.booking.service.BookingService - External response availableSpace=6 -> available=true 
2025-11-06T20:15:20.186+05:30 [reactor-http-nio-4] INFO  c.m.booking.logging.LoggingWebFilter - RES POST /api/bookings/availability status=200 timeMs=9 
2025-11-06T20:15:28.915+05:30 [reactor-http-nio-8] INFO  c.m.booking.logging.LoggingWebFilter - REQ POST /api/bookings/availability from /0:0:0:0:0:0:0:1 
2025-11-06T20:15:28.916+05:30 [reactor-http-nio-8] DEBUG c.m.booking.web.BookingController - POST /api/bookings/availability 
2025-11-06T20:15:28.916+05:30 [reactor-http-nio-8] INFO  c.m.booking.service.BookingService - Calling external availability: path=/api/bookings/checkAvailable payload=[size=20,type=DRY,from=Southampton,to=Singapore,qty=5] 
2025-11-06T20:15:28.920+05:30 [reactor-http-nio-4] INFO  c.m.booking.service.BookingService - External response availableSpace=6 -> available=true 
2025-11-06T20:15:28.922+05:30 [reactor-http-nio-4] INFO  c.m.booking.logging.LoggingWebFilter - RES POST /api/bookings/availability status=200 timeMs=7 
2025-11-06T20:15:51.347+05:30 [reactor-http-nio-1] INFO  c.m.booking.logging.LoggingWebFilter - REQ POST /api/bookings from /0:0:0:0:0:0:0:1 
2025-11-06T20:15:51.358+05:30 [reactor-http-nio-1] DEBUG c.m.booking.web.BookingController - POST /api/bookings 
2025-11-06T20:15:51.358+05:30 [reactor-http-nio-1] INFO  c.m.booking.service.BookingService - Creating booking for [size=20,type=DRY,from=Southampton,to=Singapore,qty=5,ts=2020-10-12T13:53:09Z] 
2025-11-06T20:15:51.358+05:30 [reactor-http-nio-1] DEBUG c.m.b.mongo.BookingRefGenerator - Generating next bookingRef... 
2025-11-06T20:15:51.446+05:30 [nioEventLoopGroup-3-3] INFO  c.m.b.mongo.BookingRefGenerator - Generated bookingRef=957000031 
2025-11-06T20:15:51.493+05:30 [nioEventLoopGroup-3-3] INFO  c.m.booking.service.BookingService - Saved booking bookingRef=957000031 
2025-11-06T20:15:51.495+05:30 [nioEventLoopGroup-3-3] INFO  c.m.booking.logging.LoggingWebFilter - RES POST /api/bookings status=200 timeMs=148 
2025-11-06T20:15:54.056+05:30 [reactor-http-nio-2] INFO  c.m.booking.logging.LoggingWebFilter - REQ POST /api/bookings from /0:0:0:0:0:0:0:1 
2025-11-06T20:15:54.057+05:30 [reactor-http-nio-2] DEBUG c.m.booking.web.BookingController - POST /api/bookings 
2025-11-06T20:15:54.057+05:30 [reactor-http-nio-2] INFO  c.m.booking.service.BookingService - Creating booking for [size=20,type=DRY,from=Southampton,to=Singapore,qty=5,ts=2020-10-12T13:53:09Z] 
2025-11-06T20:15:54.057+05:30 [reactor-http-nio-2] DEBUG c.m.b.mongo.BookingRefGenerator - Generating next bookingRef... 
2025-11-06T20:15:54.060+05:30 [nioEventLoopGroup-3-3] INFO  c.m.b.mongo.BookingRefGenerator - Generated bookingRef=957000032 
2025-11-06T20:15:54.063+05:30 [nioEventLoopGroup-3-3] INFO  c.m.booking.service.BookingService - Saved booking bookingRef=957000032 
2025-11-06T20:15:54.064+05:30 [nioEventLoopGroup-3-3] INFO  c.m.booking.logging.LoggingWebFilter - RES POST /api/bookings status=200 timeMs=8 
2025-11-06T20:15:54.665+05:30 [reactor-http-nio-3] INFO  c.m.booking.logging.LoggingWebFilter - REQ POST /api/bookings from /0:0:0:0:0:0:0:1 
2025-11-06T20:15:54.668+05:30 [reactor-http-nio-3] DEBUG c.m.booking.web.BookingController - POST /api/bookings 
2025-11-06T20:15:54.668+05:30 [reactor-http-nio-3] INFO  c.m.booking.service.BookingService - Creating booking for [size=20,type=DRY,from=Southampton,to=Singapore,qty=5,ts=2020-10-12T13:53:09Z] 
2025-11-06T20:15:54.668+05:30 [reactor-http-nio-3] DEBUG c.m.b.mongo.BookingRefGenerator - Generating next bookingRef... 
2025-11-06T20:15:54.670+05:30 [nioEventLoopGroup-3-3] INFO  c.m.b.mongo.BookingRefGenerator - Generated bookingRef=957000033 
2025-11-06T20:15:54.675+05:30 [nioEventLoopGroup-3-3] INFO  c.m.booking.service.BookingService - Saved booking bookingRef=957000033 
2025-11-06T20:15:54.677+05:30 [nioEventLoopGroup-3-3] INFO  c.m.booking.logging.LoggingWebFilter - RES POST /api/bookings status=200 timeMs=12 
2025-11-06T20:15:55.049+05:30 [reactor-http-nio-4] INFO  c.m.booking.logging.LoggingWebFilter - REQ POST /api/bookings from /0:0:0:0:0:0:0:1 
2025-11-06T20:15:55.050+05:30 [reactor-http-nio-4] DEBUG c.m.booking.web.BookingController - POST /api/bookings 
2025-11-06T20:15:55.051+05:30 [reactor-http-nio-4] INFO  c.m.booking.service.BookingService - Creating booking for [size=20,type=DRY,from=Southampton,to=Singapore,qty=5,ts=2020-10-12T13:53:09Z] 
2025-11-06T20:15:55.051+05:30 [reactor-http-nio-4] DEBUG c.m.b.mongo.BookingRefGenerator - Generating next bookingRef... 
2025-11-06T20:15:55.053+05:30 [nioEventLoopGroup-3-3] INFO  c.m.b.mongo.BookingRefGenerator - Generated bookingRef=957000034 
2025-11-06T20:15:55.055+05:30 [nioEventLoopGroup-3-3] INFO  c.m.booking.service.BookingService - Saved booking bookingRef=957000034 
2025-11-06T20:15:55.056+05:30 [nioEventLoopGroup-3-3] INFO  c.m.booking.logging.LoggingWebFilter - RES POST /api/bookings status=200 timeMs=7 
2025-11-06T20:15:55.320+05:30 [reactor-http-nio-5] INFO  c.m.booking.logging.LoggingWebFilter - REQ POST /api/bookings from /0:0:0:0:0:0:0:1 
2025-11-06T20:15:55.321+05:30 [reactor-http-nio-5] DEBUG c.m.booking.web.BookingController - POST /api/bookings 
2025-11-06T20:15:55.321+05:30 [reactor-http-nio-5] INFO  c.m.booking.service.BookingService - Creating booking for [size=20,type=DRY,from=Southampton,to=Singapore,qty=5,ts=2020-10-12T13:53:09Z] 
2025-11-06T20:15:55.321+05:30 [reactor-http-nio-5] DEBUG c.m.b.mongo.BookingRefGenerator - Generating next bookingRef... 
2025-11-06T20:15:55.323+05:30 [nioEventLoopGroup-3-3] INFO  c.m.b.mongo.BookingRefGenerator - Generated bookingRef=957000035 
2025-11-06T20:15:55.327+05:30 [nioEventLoopGroup-3-3] INFO  c.m.booking.service.BookingService - Saved booking bookingRef=957000035 
2025-11-06T20:15:55.328+05:30 [nioEventLoopGroup-3-3] INFO  c.m.booking.logging.LoggingWebFilter - RES POST /api/bookings status=200 timeMs=9 
2025-11-06T20:15:55.520+05:30 [reactor-http-nio-6] INFO  c.m.booking.logging.LoggingWebFilter - REQ POST /api/bookings from /0:0:0:0:0:0:0:1 
2025-11-06T20:15:55.522+05:30 [reactor-http-nio-6] DEBUG c.m.booking.web.BookingController - POST /api/bookings 
2025-11-06T20:15:55.523+05:30 [reactor-http-nio-6] INFO  c.m.booking.service.BookingService - Creating booking for [size=20,type=DRY,from=Southampton,to=Singapore,qty=5,ts=2020-10-12T13:53:09Z] 
2025-11-06T20:15:55.523+05:30 [reactor-http-nio-6] DEBUG c.m.b.mongo.BookingRefGenerator - Generating next bookingRef... 
2025-11-06T20:15:55.525+05:30 [nioEventLoopGroup-3-3] INFO  c.m.b.mongo.BookingRefGenerator - Generated bookingRef=957000036 
2025-11-06T20:15:55.529+05:30 [nioEventLoopGroup-3-3] INFO  c.m.booking.service.BookingService - Saved booking bookingRef=957000036 
2025-11-06T20:15:55.530+05:30 [nioEventLoopGroup-3-3] INFO  c.m.booking.logging.LoggingWebFilter - RES POST /api/bookings status=200 timeMs=10 
2025-11-06T20:15:55.688+05:30 [reactor-http-nio-7] INFO  c.m.booking.logging.LoggingWebFilter - REQ POST /api/bookings from /0:0:0:0:0:0:0:1 
2025-11-06T20:15:55.690+05:30 [reactor-http-nio-7] DEBUG c.m.booking.web.BookingController - POST /api/bookings 
2025-11-06T20:15:55.690+05:30 [reactor-http-nio-7] INFO  c.m.booking.service.BookingService - Creating booking for [size=20,type=DRY,from=Southampton,to=Singapore,qty=5,ts=2020-10-12T13:53:09Z] 
2025-11-06T20:15:55.690+05:30 [reactor-http-nio-7] DEBUG c.m.b.mongo.BookingRefGenerator - Generating next bookingRef... 
2025-11-06T20:15:55.692+05:30 [nioEventLoopGroup-3-3] INFO  c.m.b.mongo.BookingRefGenerator - Generated bookingRef=957000037 
2025-11-06T20:15:55.694+05:30 [nioEventLoopGroup-3-3] INFO  c.m.booking.service.BookingService - Saved booking bookingRef=957000037 
2025-11-06T20:15:55.694+05:30 [nioEventLoopGroup-3-3] INFO  c.m.booking.logging.LoggingWebFilter - RES POST /api/bookings status=200 timeMs=6 
2025-11-06T20:15:55.879+05:30 [reactor-http-nio-8] INFO  c.m.booking.logging.LoggingWebFilter - REQ POST /api/bookings from /0:0:0:0:0:0:0:1 
2025-11-06T20:15:55.881+05:30 [reactor-http-nio-8] DEBUG c.m.booking.web.BookingController - POST /api/bookings 
2025-11-06T20:15:55.881+05:30 [reactor-http-nio-8] INFO  c.m.booking.service.BookingService - Creating booking for [size=20,type=DRY,from=Southampton,to=Singapore,qty=5,ts=2020-10-12T13:53:09Z] 
2025-11-06T20:15:55.881+05:30 [reactor-http-nio-8] DEBUG c.m.b.mongo.BookingRefGenerator - Generating next bookingRef... 
2025-11-06T20:15:55.883+05:30 [nioEventLoopGroup-3-3] INFO  c.m.b.mongo.BookingRefGenerator - Generated bookingRef=957000038 
2025-11-06T20:15:55.886+05:30 [nioEventLoopGroup-3-3] INFO  c.m.booking.service.BookingService - Saved booking bookingRef=957000038 
2025-11-06T20:15:55.887+05:30 [nioEventLoopGroup-3-3] INFO  c.m.booking.logging.LoggingWebFilter - RES POST /api/bookings status=200 timeMs=8 
2025-11-06T20:15:56.073+05:30 [reactor-http-nio-1] INFO  c.m.booking.logging.LoggingWebFilter - REQ POST /api/bookings from /0:0:0:0:0:0:0:1 
2025-11-06T20:15:56.074+05:30 [reactor-http-nio-1] DEBUG c.m.booking.web.BookingController - POST /api/bookings 
2025-11-06T20:15:56.074+05:30 [reactor-http-nio-1] INFO  c.m.booking.service.BookingService - Creating booking for [size=20,type=DRY,from=Southampton,to=Singapore,qty=5,ts=2020-10-12T13:53:09Z] 
2025-11-06T20:15:56.074+05:30 [reactor-http-nio-1] DEBUG c.m.b.mongo.BookingRefGenerator - Generating next bookingRef... 
2025-11-06T20:15:56.078+05:30 [nioEventLoopGroup-3-3] INFO  c.m.b.mongo.BookingRefGenerator - Generated bookingRef=957000039 
2025-11-06T20:15:56.080+05:30 [nioEventLoopGroup-3-3] INFO  c.m.booking.service.BookingService - Saved booking bookingRef=957000039 
2025-11-06T20:15:56.080+05:30 [nioEventLoopGroup-3-3] INFO  c.m.booking.logging.LoggingWebFilter - RES POST /api/bookings status=200 timeMs=7 
2025-11-06T20:15:56.247+05:30 [reactor-http-nio-2] INFO  c.m.booking.logging.LoggingWebFilter - REQ POST /api/bookings from /0:0:0:0:0:0:0:1 
2025-11-06T20:15:56.248+05:30 [reactor-http-nio-2] DEBUG c.m.booking.web.BookingController - POST /api/bookings 
2025-11-06T20:15:56.248+05:30 [reactor-http-nio-2] INFO  c.m.booking.service.BookingService - Creating booking for [size=20,type=DRY,from=Southampton,to=Singapore,qty=5,ts=2020-10-12T13:53:09Z] 
2025-11-06T20:15:56.249+05:30 [reactor-http-nio-2] DEBUG c.m.b.mongo.BookingRefGenerator - Generating next bookingRef... 
2025-11-06T20:15:56.251+05:30 [nioEventLoopGroup-3-3] INFO  c.m.b.mongo.BookingRefGenerator - Generated bookingRef=957000040 
2025-11-06T20:15:56.253+05:30 [nioEventLoopGroup-3-3] INFO  c.m.booking.service.BookingService - Saved booking bookingRef=957000040 
2025-11-06T20:15:56.255+05:30 [nioEventLoopGroup-3-3] INFO  c.m.booking.logging.LoggingWebFilter - RES POST /api/bookings status=200 timeMs=8 
2025-11-06T20:15:56.439+05:30 [reactor-http-nio-3] INFO  c.m.booking.logging.LoggingWebFilter - REQ POST /api/bookings from /0:0:0:0:0:0:0:1 
2025-11-06T20:15:56.441+05:30 [reactor-http-nio-3] DEBUG c.m.booking.web.BookingController - POST /api/bookings 
2025-11-06T20:15:56.442+05:30 [reactor-http-nio-3] INFO  c.m.booking.service.BookingService - Creating booking for [size=20,type=DRY,from=Southampton,to=Singapore,qty=5,ts=2020-10-12T13:53:09Z] 
2025-11-06T20:15:56.442+05:30 [reactor-http-nio-3] DEBUG c.m.b.mongo.BookingRefGenerator - Generating next bookingRef... 
2025-11-06T20:15:56.444+05:30 [nioEventLoopGroup-3-3] INFO  c.m.b.mongo.BookingRefGenerator - Generated bookingRef=957000041 
2025-11-06T20:15:56.446+05:30 [nioEventLoopGroup-3-3] INFO  c.m.booking.service.BookingService - Saved booking bookingRef=957000041 
2025-11-06T20:15:56.447+05:30 [nioEventLoopGroup-3-3] INFO  c.m.booking.logging.LoggingWebFilter - RES POST /api/bookings status=200 timeMs=8 
2025-11-06T20:15:56.624+05:30 [reactor-http-nio-4] INFO  c.m.booking.logging.LoggingWebFilter - REQ POST /api/bookings from /0:0:0:0:0:0:0:1 
2025-11-06T20:15:56.626+05:30 [reactor-http-nio-4] DEBUG c.m.booking.web.BookingController - POST /api/bookings 
2025-11-06T20:15:56.626+05:30 [reactor-http-nio-4] INFO  c.m.booking.service.BookingService - Creating booking for [size=20,type=DRY,from=Southampton,to=Singapore,qty=5,ts=2020-10-12T13:53:09Z] 
2025-11-06T20:15:56.626+05:30 [reactor-http-nio-4] DEBUG c.m.b.mongo.BookingRefGenerator - Generating next bookingRef... 
2025-11-06T20:15:56.628+05:30 [nioEventLoopGroup-3-3] INFO  c.m.b.mongo.BookingRefGenerator - Generated bookingRef=957000042 
2025-11-06T20:15:56.631+05:30 [nioEventLoopGroup-3-3] INFO  c.m.booking.service.BookingService - Saved booking bookingRef=957000042 
2025-11-06T20:15:56.632+05:30 [nioEventLoopGroup-3-3] INFO  c.m.booking.logging.LoggingWebFilter - RES POST /api/bookings status=200 timeMs=8 
2025-11-06T20:15:56.808+05:30 [reactor-http-nio-5] INFO  c.m.booking.logging.LoggingWebFilter - REQ POST /api/bookings from /0:0:0:0:0:0:0:1 
2025-11-06T20:15:56.809+05:30 [reactor-http-nio-5] DEBUG c.m.booking.web.BookingController - POST /api/bookings 
2025-11-06T20:15:56.809+05:30 [reactor-http-nio-5] INFO  c.m.booking.service.BookingService - Creating booking for [size=20,type=DRY,from=Southampton,to=Singapore,qty=5,ts=2020-10-12T13:53:09Z] 
2025-11-06T20:15:56.809+05:30 [reactor-http-nio-5] DEBUG c.m.b.mongo.BookingRefGenerator - Generating next bookingRef... 
2025-11-06T20:15:56.812+05:30 [nioEventLoopGroup-3-3] INFO  c.m.b.mongo.BookingRefGenerator - Generated bookingRef=957000043 
2025-11-06T20:15:56.815+05:30 [nioEventLoopGroup-3-3] INFO  c.m.booking.service.BookingService - Saved booking bookingRef=957000043 
2025-11-06T20:15:56.816+05:30 [nioEventLoopGroup-3-3] INFO  c.m.booking.logging.LoggingWebFilter - RES POST /api/bookings status=200 timeMs=8 
2025-11-06T20:16:00.936+05:30 [reactor-http-nio-6] INFO  c.m.booking.logging.LoggingWebFilter - REQ POST /api/bookings from /0:0:0:0:0:0:0:1 
2025-11-06T20:16:00.938+05:30 [reactor-http-nio-6] DEBUG c.m.booking.web.BookingController - POST /api/bookings 
2025-11-06T20:16:00.938+05:30 [reactor-http-nio-6] INFO  c.m.booking.service.BookingService - Creating booking for [size=20,type=DRY,from=Southampton,to=Singapore,qty=5,ts=2020-10-12T13:53:09Z] 
2025-11-06T20:16:00.938+05:30 [reactor-http-nio-6] DEBUG c.m.b.mongo.BookingRefGenerator - Generating next bookingRef... 
2025-11-06T20:16:00.940+05:30 [nioEventLoopGroup-3-3] INFO  c.m.b.mongo.BookingRefGenerator - Generated bookingRef=957000044 
2025-11-06T20:16:00.942+05:30 [nioEventLoopGroup-3-3] INFO  c.m.booking.service.BookingService - Saved booking bookingRef=957000044 
2025-11-06T20:16:00.943+05:30 [nioEventLoopGroup-3-3] INFO  c.m.booking.logging.LoggingWebFilter - RES POST /api/bookings status=200 timeMs=7 
2025-11-06T20:16:01.609+05:30 [reactor-http-nio-7] INFO  c.m.booking.logging.LoggingWebFilter - REQ POST /api/bookings from /0:0:0:0:0:0:0:1 
2025-11-06T20:16:01.611+05:30 [reactor-http-nio-7] DEBUG c.m.booking.web.BookingController - POST /api/bookings 
2025-11-06T20:16:01.611+05:30 [reactor-http-nio-7] INFO  c.m.booking.service.BookingService - Creating booking for [size=20,type=DRY,from=Southampton,to=Singapore,qty=5,ts=2020-10-12T13:53:09Z] 
2025-11-06T20:16:01.611+05:30 [reactor-http-nio-7] DEBUG c.m.b.mongo.BookingRefGenerator - Generating next bookingRef... 
2025-11-06T20:16:01.614+05:30 [nioEventLoopGroup-3-3] INFO  c.m.b.mongo.BookingRefGenerator - Generated bookingRef=957000045 
2025-11-06T20:16:01.616+05:30 [nioEventLoopGroup-3-3] INFO  c.m.booking.service.BookingService - Saved booking bookingRef=957000045 
2025-11-06T20:16:01.618+05:30 [nioEventLoopGroup-3-3] INFO  c.m.booking.logging.LoggingWebFilter - RES POST /api/bookings status=200 timeMs=9 
2025-11-06T20:16:11.296+05:30 [reactor-http-nio-8] INFO  c.m.booking.logging.LoggingWebFilter - REQ POST /api/bookings from /0:0:0:0:0:0:0:1 
2025-11-06T20:16:11.299+05:30 [reactor-http-nio-8] DEBUG c.m.booking.web.BookingController - POST /api/bookings 
2025-11-06T20:16:11.299+05:30 [reactor-http-nio-8] INFO  c.m.booking.service.BookingService - Creating booking for [size=20,type=DRY,from=Southampton,to=Singapore,qty=5,ts=2020-10-12T13:53:09Z] 
2025-11-06T20:16:11.299+05:30 [reactor-http-nio-8] DEBUG c.m.b.mongo.BookingRefGenerator - Generating next bookingRef... 
2025-11-06T20:16:11.304+05:30 [nioEventLoopGroup-3-3] INFO  c.m.b.mongo.BookingRefGenerator - Generated bookingRef=957000046 
2025-11-06T20:16:11.307+05:30 [nioEventLoopGroup-3-3] INFO  c.m.booking.service.BookingService - Saved booking bookingRef=957000046 
2025-11-06T20:16:11.308+05:30 [nioEventLoopGroup-3-3] INFO  c.m.booking.logging.LoggingWebFilter - RES POST /api/bookings status=200 timeMs=12 
2025-11-06T20:16:11.704+05:30 [reactor-http-nio-1] INFO  c.m.booking.logging.LoggingWebFilter - REQ POST /api/bookings from /0:0:0:0:0:0:0:1 
2025-11-06T20:16:11.706+05:30 [reactor-http-nio-1] DEBUG c.m.booking.web.BookingController - POST /api/bookings 
2025-11-06T20:16:11.706+05:30 [reactor-http-nio-1] INFO  c.m.booking.service.BookingService - Creating booking for [size=20,type=DRY,from=Southampton,to=Singapore,qty=5,ts=2020-10-12T13:53:09Z] 
2025-11-06T20:16:11.706+05:30 [reactor-http-nio-1] DEBUG c.m.b.mongo.BookingRefGenerator - Generating next bookingRef... 
2025-11-06T20:16:11.709+05:30 [nioEventLoopGroup-3-3] INFO  c.m.b.mongo.BookingRefGenerator - Generated bookingRef=957000047 
2025-11-06T20:16:11.712+05:30 [nioEventLoopGroup-3-3] INFO  c.m.booking.service.BookingService - Saved booking bookingRef=957000047 
2025-11-06T20:16:11.712+05:30 [nioEventLoopGroup-3-3] INFO  c.m.booking.logging.LoggingWebFilter - RES POST /api/bookings status=200 timeMs=8 
2025-11-06T20:16:11.921+05:30 [reactor-http-nio-2] INFO  c.m.booking.logging.LoggingWebFilter - REQ POST /api/bookings from /0:0:0:0:0:0:0:1 
2025-11-06T20:16:11.922+05:30 [reactor-http-nio-2] DEBUG c.m.booking.web.BookingController - POST /api/bookings 
2025-11-06T20:16:11.922+05:30 [reactor-http-nio-2] INFO  c.m.booking.service.BookingService - Creating booking for [size=20,type=DRY,from=Southampton,to=Singapore,qty=5,ts=2020-10-12T13:53:09Z] 
2025-11-06T20:16:11.922+05:30 [reactor-http-nio-2] DEBUG c.m.b.mongo.BookingRefGenerator - Generating next bookingRef... 
2025-11-06T20:16:11.926+05:30 [nioEventLoopGroup-3-3] INFO  c.m.b.mongo.BookingRefGenerator - Generated bookingRef=957000048 
2025-11-06T20:16:11.928+05:30 [nioEventLoopGroup-3-3] INFO  c.m.booking.service.BookingService - Saved booking bookingRef=957000048 
2025-11-06T20:16:11.929+05:30 [nioEventLoopGroup-3-3] INFO  c.m.booking.logging.LoggingWebFilter - RES POST /api/bookings status=200 timeMs=8 
2025-11-06T20:16:12.183+05:30 [reactor-http-nio-3] INFO  c.m.booking.logging.LoggingWebFilter - REQ POST /api/bookings from /0:0:0:0:0:0:0:1 
2025-11-06T20:16:12.184+05:30 [reactor-http-nio-3] DEBUG c.m.booking.web.BookingController - POST /api/bookings 
2025-11-06T20:16:12.184+05:30 [reactor-http-nio-3] INFO  c.m.booking.service.BookingService - Creating booking for [size=20,type=DRY,from=Southampton,to=Singapore,qty=5,ts=2020-10-12T13:53:09Z] 
2025-11-06T20:16:12.184+05:30 [reactor-http-nio-3] DEBUG c.m.b.mongo.BookingRefGenerator - Generating next bookingRef... 
2025-11-06T20:16:12.187+05:30 [nioEventLoopGroup-3-3] INFO  c.m.b.mongo.BookingRefGenerator - Generated bookingRef=957000049 
2025-11-06T20:16:12.189+05:30 [nioEventLoopGroup-3-3] INFO  c.m.booking.service.BookingService - Saved booking bookingRef=957000049 
2025-11-06T20:16:12.190+05:30 [nioEventLoopGroup-3-3] INFO  c.m.booking.logging.LoggingWebFilter - RES POST /api/bookings status=200 timeMs=7 
2025-11-06T20:16:12.448+05:30 [reactor-http-nio-4] INFO  c.m.booking.logging.LoggingWebFilter - REQ POST /api/bookings from /0:0:0:0:0:0:0:1 
2025-11-06T20:16:12.451+05:30 [reactor-http-nio-4] DEBUG c.m.booking.web.BookingController - POST /api/bookings 
2025-11-06T20:16:12.451+05:30 [reactor-http-nio-4] INFO  c.m.booking.service.BookingService - Creating booking for [size=20,type=DRY,from=Southampton,to=Singapore,qty=5,ts=2020-10-12T13:53:09Z] 
2025-11-06T20:16:12.451+05:30 [reactor-http-nio-4] DEBUG c.m.b.mongo.BookingRefGenerator - Generating next bookingRef... 
2025-11-06T20:16:12.454+05:30 [nioEventLoopGroup-3-3] INFO  c.m.b.mongo.BookingRefGenerator - Generated bookingRef=957000050 
2025-11-06T20:16:12.456+05:30 [nioEventLoopGroup-3-3] INFO  c.m.booking.service.BookingService - Saved booking bookingRef=957000050 
2025-11-06T20:16:12.457+05:30 [nioEventLoopGroup-3-3] INFO  c.m.booking.logging.LoggingWebFilter - RES POST /api/bookings status=200 timeMs=9 
2025-11-06T20:16:12.672+05:30 [reactor-http-nio-5] INFO  c.m.booking.logging.LoggingWebFilter - REQ POST /api/bookings from /0:0:0:0:0:0:0:1 
2025-11-06T20:16:12.673+05:30 [reactor-http-nio-5] DEBUG c.m.booking.web.BookingController - POST /api/bookings 
2025-11-06T20:16:12.674+05:30 [reactor-http-nio-5] INFO  c.m.booking.service.BookingService - Creating booking for [size=20,type=DRY,from=Southampton,to=Singapore,qty=5,ts=2020-10-12T13:53:09Z] 
2025-11-06T20:16:12.674+05:30 [reactor-http-nio-5] DEBUG c.m.b.mongo.BookingRefGenerator - Generating next bookingRef... 
2025-11-06T20:16:12.675+05:30 [nioEventLoopGroup-3-3] INFO  c.m.b.mongo.BookingRefGenerator - Generated bookingRef=957000051 
2025-11-06T20:16:12.678+05:30 [nioEventLoopGroup-3-3] INFO  c.m.booking.service.BookingService - Saved booking bookingRef=957000051 
2025-11-06T20:16:12.679+05:30 [nioEventLoopGroup-3-3] INFO  c.m.booking.logging.LoggingWebFilter - RES POST /api/bookings status=200 timeMs=7 
2025-11-06T20:16:12.865+05:30 [reactor-http-nio-6] INFO  c.m.booking.logging.LoggingWebFilter - REQ POST /api/bookings from /0:0:0:0:0:0:0:1 
2025-11-06T20:16:12.866+05:30 [reactor-http-nio-6] DEBUG c.m.booking.web.BookingController - POST /api/bookings 
2025-11-06T20:16:12.866+05:30 [reactor-http-nio-6] INFO  c.m.booking.service.BookingService - Creating booking for [size=20,type=DRY,from=Southampton,to=Singapore,qty=5,ts=2020-10-12T13:53:09Z] 
2025-11-06T20:16:12.866+05:30 [reactor-http-nio-6] DEBUG c.m.b.mongo.BookingRefGenerator - Generating next bookingRef... 
2025-11-06T20:16:12.868+05:30 [nioEventLoopGroup-3-3] INFO  c.m.b.mongo.BookingRefGenerator - Generated bookingRef=957000052 
2025-11-06T20:16:12.871+05:30 [nioEventLoopGroup-3-3] INFO  c.m.booking.service.BookingService - Saved booking bookingRef=957000052 
2025-11-06T20:16:12.872+05:30 [nioEventLoopGroup-3-3] INFO  c.m.booking.logging.LoggingWebFilter - RES POST /api/bookings status=200 timeMs=7 
2025-11-06T20:16:13.064+05:30 [reactor-http-nio-7] INFO  c.m.booking.logging.LoggingWebFilter - REQ POST /api/bookings from /0:0:0:0:0:0:0:1 
2025-11-06T20:16:13.066+05:30 [reactor-http-nio-7] DEBUG c.m.booking.web.BookingController - POST /api/bookings 
2025-11-06T20:16:13.066+05:30 [reactor-http-nio-7] INFO  c.m.booking.service.BookingService - Creating booking for [size=20,type=DRY,from=Southampton,to=Singapore,qty=5,ts=2020-10-12T13:53:09Z] 
2025-11-06T20:16:13.066+05:30 [reactor-http-nio-7] DEBUG c.m.b.mongo.BookingRefGenerator - Generating next bookingRef... 
2025-11-06T20:16:13.068+05:30 [nioEventLoopGroup-3-3] INFO  c.m.b.mongo.BookingRefGenerator - Generated bookingRef=957000053 
2025-11-06T20:16:13.070+05:30 [nioEventLoopGroup-3-3] INFO  c.m.booking.service.BookingService - Saved booking bookingRef=957000053 
2025-11-06T20:16:13.071+05:30 [nioEventLoopGroup-3-3] INFO  c.m.booking.logging.LoggingWebFilter - RES POST /api/bookings status=200 timeMs=7 
2025-11-06T20:16:13.272+05:30 [reactor-http-nio-8] INFO  c.m.booking.logging.LoggingWebFilter - REQ POST /api/bookings from /0:0:0:0:0:0:0:1 
2025-11-06T20:16:13.275+05:30 [reactor-http-nio-8] DEBUG c.m.booking.web.BookingController - POST /api/bookings 
2025-11-06T20:16:13.275+05:30 [reactor-http-nio-8] INFO  c.m.booking.service.BookingService - Creating booking for [size=20,type=DRY,from=Southampton,to=Singapore,qty=5,ts=2020-10-12T13:53:09Z] 
2025-11-06T20:16:13.275+05:30 [reactor-http-nio-8] DEBUG c.m.b.mongo.BookingRefGenerator - Generating next bookingRef... 
2025-11-06T20:16:13.277+05:30 [nioEventLoopGroup-3-3] INFO  c.m.b.mongo.BookingRefGenerator - Generated bookingRef=957000054 
2025-11-06T20:16:13.281+05:30 [nioEventLoopGroup-3-3] INFO  c.m.booking.service.BookingService - Saved booking bookingRef=957000054 
2025-11-06T20:16:13.282+05:30 [nioEventLoopGroup-3-3] INFO  c.m.booking.logging.LoggingWebFilter - RES POST /api/bookings status=200 timeMs=10 
2025-11-06T20:16:13.449+05:30 [reactor-http-nio-1] INFO  c.m.booking.logging.LoggingWebFilter - REQ POST /api/bookings from /0:0:0:0:0:0:0:1 
2025-11-06T20:16:13.450+05:30 [reactor-http-nio-1] DEBUG c.m.booking.web.BookingController - POST /api/bookings 
2025-11-06T20:16:13.450+05:30 [reactor-http-nio-1] INFO  c.m.booking.service.BookingService - Creating booking for [size=20,type=DRY,from=Southampton,to=Singapore,qty=5,ts=2020-10-12T13:53:09Z] 
2025-11-06T20:16:13.450+05:30 [reactor-http-nio-1] DEBUG c.m.b.mongo.BookingRefGenerator - Generating next bookingRef... 
2025-11-06T20:16:13.452+05:30 [nioEventLoopGroup-3-3] INFO  c.m.b.mongo.BookingRefGenerator - Generated bookingRef=957000055 
2025-11-06T20:16:13.454+05:30 [nioEventLoopGroup-3-3] INFO  c.m.booking.service.BookingService - Saved booking bookingRef=957000055 
2025-11-06T20:16:13.455+05:30 [nioEventLoopGroup-3-3] INFO  c.m.booking.logging.LoggingWebFilter - RES POST /api/bookings status=200 timeMs=6 
2025-11-06T20:16:19.560+05:30 [reactor-http-nio-2] INFO  c.m.booking.logging.LoggingWebFilter - REQ POST /api/bookings from /0:0:0:0:0:0:0:1 
2025-11-06T20:16:19.561+05:30 [reactor-http-nio-2] DEBUG c.m.booking.web.BookingController - POST /api/bookings 
2025-11-06T20:16:19.561+05:30 [reactor-http-nio-2] INFO  c.m.booking.service.BookingService - Creating booking for [size=20,type=REEFER,from=Southampton,to=Singapore,qty=5,ts=2020-10-12T13:53:09Z] 
2025-11-06T20:16:19.561+05:30 [reactor-http-nio-2] DEBUG c.m.b.mongo.BookingRefGenerator - Generating next bookingRef... 
2025-11-06T20:16:19.564+05:30 [nioEventLoopGroup-3-3] INFO  c.m.b.mongo.BookingRefGenerator - Generated bookingRef=957000056 
2025-11-06T20:16:19.566+05:30 [nioEventLoopGroup-3-3] INFO  c.m.booking.service.BookingService - Saved booking bookingRef=957000056 
2025-11-06T20:16:19.566+05:30 [nioEventLoopGroup-3-3] INFO  c.m.booking.logging.LoggingWebFilter - RES POST /api/bookings status=200 timeMs=6 
2025-11-06T20:17:16.152+05:30 [reactor-http-nio-3] INFO  c.m.booking.logging.LoggingWebFilter - REQ POST /api/bookings from /0:0:0:0:0:0:0:1 
2025-11-06T20:17:16.155+05:30 [reactor-http-nio-3] DEBUG c.m.booking.web.BookingController - POST /api/bookings 
2025-11-06T20:17:16.155+05:30 [reactor-http-nio-3] INFO  c.m.booking.service.BookingService - Creating booking for [size=20,type=REEFER,from=Southampton,to=Singapore,qty=5,ts=2020-10-12T13:53:09Z] 
2025-11-06T20:17:16.155+05:30 [reactor-http-nio-3] DEBUG c.m.b.mongo.BookingRefGenerator - Generating next bookingRef... 
2025-11-06T20:17:16.157+05:30 [nioEventLoopGroup-3-3] INFO  c.m.b.mongo.BookingRefGenerator - Generated bookingRef=957000057 
2025-11-06T20:17:16.159+05:30 [nioEventLoopGroup-3-3] INFO  c.m.booking.service.BookingService - Saved booking bookingRef=957000057 
2025-11-06T20:17:16.160+05:30 [nioEventLoopGroup-3-3] INFO  c.m.booking.logging.LoggingWebFilter - RES POST /api/bookings status=200 timeMs=8 
2025-11-06T20:18:39.528+05:30 [reactor-http-nio-4] INFO  c.m.booking.logging.LoggingWebFilter - REQ POST /api/bookings from /0:0:0:0:0:0:0:1 
2025-11-06T20:18:39.530+05:30 [reactor-http-nio-4] DEBUG c.m.booking.web.BookingController - POST /api/bookings 
2025-11-06T20:18:39.530+05:30 [reactor-http-nio-4] INFO  c.m.booking.service.BookingService - Creating booking for [size=20,type=REEFER,from=Southampton,to=Singapore,qty=5,ts=2020-10-12T13:53:09Z] 
2025-11-06T20:18:39.530+05:30 [reactor-http-nio-4] DEBUG c.m.b.mongo.BookingRefGenerator - Generating next bookingRef... 
2025-11-06T20:18:39.532+05:30 [nioEventLoopGroup-3-3] INFO  c.m.b.mongo.BookingRefGenerator - Generated bookingRef=957000058 
2025-11-06T20:18:39.534+05:30 [nioEventLoopGroup-3-3] INFO  c.m.booking.service.BookingService - Saved booking bookingRef=957000058 
2025-11-06T20:18:39.535+05:30 [nioEventLoopGroup-3-3] INFO  c.m.booking.logging.LoggingWebFilter - RES POST /api/bookings status=200 timeMs=7 
2025-11-06T20:18:49.983+05:30 [reactor-http-nio-5] INFO  c.m.booking.logging.LoggingWebFilter - REQ POST /api/bookings from /0:0:0:0:0:0:0:1 
2025-11-06T20:18:49.984+05:30 [reactor-http-nio-5] DEBUG c.m.booking.web.BookingController - POST /api/bookings 
2025-11-06T20:18:49.984+05:30 [reactor-http-nio-5] INFO  c.m.booking.service.BookingService - Creating booking for [size=20,type=REEFER,from=Southampton,to=Singapore,qty=5,ts=2020-10-12T13:53:09Z] 
2025-11-06T20:18:49.984+05:30 [reactor-http-nio-5] DEBUG c.m.b.mongo.BookingRefGenerator - Generating next bookingRef... 
2025-11-06T20:18:49.987+05:30 [nioEventLoopGroup-3-3] INFO  c.m.b.mongo.BookingRefGenerator - Generated bookingRef=957000059 
2025-11-06T20:18:49.990+05:30 [nioEventLoopGroup-3-3] INFO  c.m.booking.service.BookingService - Saved booking bookingRef=957000059 
2025-11-06T20:18:49.991+05:30 [nioEventLoopGroup-3-3] INFO  c.m.booking.logging.LoggingWebFilter - RES POST /api/bookings status=200 timeMs=8 
2025-11-06T20:29:59.904+05:30 [background-preinit] INFO  o.h.validator.internal.util.Version - HV000001: Hibernate Validator 8.0.1.Final 
2025-11-06T20:29:59.937+05:30 [main] INFO  c.m.booking.BookingApiApplication - Starting BookingApiApplication using Java 21.0.7 with PID 10544 (D:\Demo1\maersk-booking\backend\target\classes started by JANANI in D:\Demo1\maersk-booking) 
2025-11-06T20:29:59.937+05:30 [main] DEBUG c.m.booking.BookingApiApplication - Running with Spring Boot v3.3.4, Spring v6.1.13 
2025-11-06T20:29:59.938+05:30 [main] INFO  c.m.booking.BookingApiApplication - No active profile set, falling back to 1 default profile: "default" 
2025-11-06T20:30:00.616+05:30 [main] INFO  o.s.d.r.c.RepositoryConfigurationDelegate - Bootstrapping Spring Data Reactive MongoDB repositories in DEFAULT mode. 
2025-11-06T20:30:00.706+05:30 [main] INFO  o.s.d.r.c.RepositoryConfigurationDelegate - Finished Spring Data repository scanning in 85 ms. Found 1 Reactive MongoDB repository interface. 
2025-11-06T20:30:01.456+05:30 [main] INFO  c.m.booking.config.WebClientConfig - Configuring WebClient baseUrl=http://localhost:9090 path=/api/bookings/checkAvailable retries=0 backoffMillis=0 
2025-11-06T20:30:01.980+05:30 [main] INFO  o.s.b.w.e.netty.NettyWebServer - Netty started on port 8080 (http) 
2025-11-06T20:30:01.993+05:30 [main] INFO  c.m.booking.BookingApiApplication - Started BookingApiApplication in 2.542 seconds (process running for 2.951) 
2025-11-06T20:30:01.995+05:30 [main] INFO  c.m.booking.BookingApiApplication - Booking API started in 2673 ms 
2025-11-06T20:37:56.785+05:30 [background-preinit] INFO  o.h.validator.internal.util.Version - HV000001: Hibernate Validator 8.0.1.Final 
2025-11-06T20:37:56.818+05:30 [main] INFO  c.m.booking.BookingApiApplication - Starting BookingApiApplication using Java 21.0.7 with PID 21468 (D:\Demo1\maersk-booking\backend\target\classes started by JANANI in D:\Demo1\maersk-booking) 
2025-11-06T20:37:56.819+05:30 [main] DEBUG c.m.booking.BookingApiApplication - Running with Spring Boot v3.3.4, Spring v6.1.13 
2025-11-06T20:37:56.819+05:30 [main] INFO  c.m.booking.BookingApiApplication - No active profile set, falling back to 1 default profile: "default" 
2025-11-06T20:37:57.491+05:30 [main] INFO  o.s.d.r.c.RepositoryConfigurationDelegate - Bootstrapping Spring Data Reactive MongoDB repositories in DEFAULT mode. 
2025-11-06T20:37:57.595+05:30 [main] INFO  o.s.d.r.c.RepositoryConfigurationDelegate - Finished Spring Data repository scanning in 99 ms. Found 1 Reactive MongoDB repository interface. 
2025-11-06T20:37:58.294+05:30 [main] INFO  c.m.booking.config.WebClientConfig - Configuring WebClient baseUrl=http://localhost:9090 path=/api/bookings/checkAvailable retries=0 backoffMillis=0 
2025-11-06T20:37:58.848+05:30 [main] INFO  o.s.b.w.e.netty.NettyWebServer - Netty started on port 8080 (http) 
2025-11-06T20:37:58.863+05:30 [main] INFO  c.m.booking.BookingApiApplication - Started BookingApiApplication in 2.556 seconds (process running for 2.927) 
2025-11-06T20:37:58.865+05:30 [main] INFO  c.m.booking.BookingApiApplication - Booking API started in 2687 ms 
2025-11-06T20:40:56.159+05:30 [background-preinit] INFO  o.h.validator.internal.util.Version - HV000001: Hibernate Validator 8.0.1.Final 
2025-11-06T20:40:56.201+05:30 [main] INFO  c.m.booking.BookingApiApplication - Starting BookingApiApplication using Java 21.0.7 with PID 11796 (D:\Demo1\maersk-booking\backend\target\classes started by JANANI in D:\Demo1\maersk-booking) 
2025-11-06T20:40:56.202+05:30 [main] DEBUG c.m.booking.BookingApiApplication - Running with Spring Boot v3.3.4, Spring v6.1.13 
2025-11-06T20:40:56.202+05:30 [main] INFO  c.m.booking.BookingApiApplication - No active profile set, falling back to 1 default profile: "default" 
2025-11-06T20:40:56.936+05:30 [main] INFO  o.s.d.r.c.RepositoryConfigurationDelegate - Bootstrapping Spring Data Reactive MongoDB repositories in DEFAULT mode. 
2025-11-06T20:40:57.037+05:30 [main] INFO  o.s.d.r.c.RepositoryConfigurationDelegate - Finished Spring Data repository scanning in 97 ms. Found 1 Reactive MongoDB repository interface. 
2025-11-06T20:40:57.777+05:30 [main] INFO  c.m.booking.config.WebClientConfig - Configuring WebClient baseUrl=http://localhost:9090 path=/api/bookings/checkAvailable retries=0 backoffMillis=0 
2025-11-06T20:40:58.326+05:30 [main] INFO  o.s.b.w.e.netty.NettyWebServer - Netty started on port 8080 (http) 
2025-11-06T20:40:58.339+05:30 [main] INFO  c.m.booking.BookingApiApplication - Started BookingApiApplication in 2.671 seconds (process running for 3.049) 
2025-11-06T20:40:58.341+05:30 [main] INFO  c.m.booking.BookingApiApplication - Booking API started in 2772 ms 
2025-11-06T20:41:17.998+05:30 [reactor-http-nio-2] INFO  c.m.booking.logging.LoggingWebFilter - REQ POST /api/bookings from /0:0:0:0:0:0:0:1 
2025-11-06T20:41:18.126+05:30 [reactor-http-nio-2] DEBUG c.m.b.validation.OneOfIntValidator - Initialized OneOfInt with values [20, 40] 
2025-11-06T20:41:18.135+05:30 [reactor-http-nio-2] DEBUG c.m.booking.web.BookingController - POST /api/bookings 
2025-11-06T20:41:18.135+05:30 [reactor-http-nio-2] INFO  c.m.booking.service.BookingService - Creating booking for [size=20,type=REEFER,from=Southampton,to=Singapore,qty=5,ts=2020-10-12T13:53:09Z] 
2025-11-06T20:41:18.135+05:30 [reactor-http-nio-2] DEBUG c.m.b.mongo.BookingRefGenerator - Generating next bookingRef... 
2025-11-06T20:41:18.227+05:30 [nioEventLoopGroup-3-3] INFO  c.m.b.mongo.BookingRefGenerator - Generated bookingRef=957000060 
2025-11-06T20:41:18.267+05:30 [nioEventLoopGroup-3-3] INFO  c.m.booking.service.BookingService - Saved booking bookingRef=957000060 
2025-11-06T20:41:18.282+05:30 [nioEventLoopGroup-3-3] INFO  c.m.booking.logging.LoggingWebFilter - RES POST /api/bookings status=200 timeMs=284 
2025-11-06T20:41:19.815+05:30 [reactor-http-nio-3] INFO  c.m.booking.logging.LoggingWebFilter - REQ POST /api/bookings/availability from /0:0:0:0:0:0:0:1 
2025-11-06T20:41:19.823+05:30 [reactor-http-nio-3] DEBUG c.m.booking.web.BookingController - POST /api/bookings/availability 
2025-11-06T20:41:19.823+05:30 [reactor-http-nio-3] INFO  c.m.booking.service.BookingService - Calling external availability: path=/api/bookings/checkAvailable payload=[size=20,type=REEFER,from=Southampton,to=Singapore,qty=5] 
2025-11-06T20:41:19.957+05:30 [reactor-http-nio-3] INFO  c.m.booking.service.BookingService - External response availableSpace=6 -> available=true 
2025-11-06T20:41:19.960+05:30 [reactor-http-nio-3] INFO  c.m.booking.logging.LoggingWebFilter - RES POST /api/bookings/availability status=200 timeMs=145 
